<?xml version="1.0" encoding="UTF-8"?>
<!-- Generated by org.testng.reporters.JUnitReportReporter -->
<testsuite hostname="LAPTOP-N2GHRU3U" failures="0" tests="2" name="qaEndToEndDummyFramework.MobileTesting" time="0.002" errors="0" timestamp="05 Apr 2021 04:00:50 GMT" skipped="0">
  <testcase classname="qaEndToEndDummyFramework.MobileTesting" name="iOSTesting" time="0.001"/>
  <testcase classname="qaEndToEndDummyFramework.MobileTesting" name="androidTesting" time="0.001"/>
</testsuite> <!-- qaEndToEndDummyFramework.MobileTesting -->
