<?xml version="1.0" encoding="UTF-8"?>
<!-- Generated by org.testng.reporters.JUnitReportReporter -->
<testsuite hostname="LAPTOP-N2GHRU3U" failures="0" tests="2" name="qaEndToEndDummyFramework.webAutomation" time="0.008" errors="0" timestamp="05 Apr 2021 04:00:50 GMT" skipped="0">
  <testcase classname="qaEndToEndDummyFramework.webAutomation" name="webTesting" time="0.001"/>
  <testcase classname="qaEndToEndDummyFramework.webAutomation" name="seleniumWebTesting" time="0.007"/>
</testsuite> <!-- qaEndToEndDummyFramework.webAutomation -->
