<?xml version="1.0" encoding="UTF-8"?>
<!-- Generated by org.testng.reporters.JUnitReportReporter -->
<testsuite hostname="LAPTOP-N2GHRU3U" failures="0" tests="3" name="qaEndToEndDummyFramework.APITesting" time="0.002" errors="0" timestamp="05 Apr 2021 04:00:50 GMT" skipped="0">
  <testcase classname="qaEndToEndDummyFramework.APITesting" name="deleteAPI" time="0.000"/>
  <testcase classname="qaEndToEndDummyFramework.APITesting" name="getAPI" time="0.001"/>
  <testcase classname="qaEndToEndDummyFramework.APITesting" name="postAPI" time="0.001"/>
</testsuite> <!-- qaEndToEndDummyFramework.APITesting -->
